#
# There is insufficient memory for the Java Runtime Environment to continue.
# Native memory allocation (malloc) failed to allocate 32744 bytes for ChunkPool::allocate
# Possible reasons:
#   The system is out of physical RAM or swap space
#   The process is running with CompressedOops enabled, and the Java Heap may be blocking the growth of the native heap
# Possible solutions:
#   Reduce memory load on the system
#   Increase physical memory or swap space
#   Check if swap backing store is full
#   Decrease Java heap size (-Xmx/-Xms)
#   Decrease number of Java threads
#
# JRE version: OpenJDK Runtime Environment (8.0_242-b01) (build 1.8.0_242-release-1644-b01)
# Java VM: OpenJDK 64-Bit Server VM (25.242-b01 mixed mode windows-amd64 compressed oops)
# Failed to write core dump. Minidumps are not enabled by default on client versions of Windows
#

---------------  T H R E A D  ---------------

Current thread (0x000000001e95c800):  JavaThread "C2 CompilerThread0" daemon [_thread_in_native, id=7312, stack(0x000000001f130000,0x000000001f230000)]

Stack: [0x000000001f130000,0x000000001f230000]
[error occurred during error reporting (printing stack bounds), id 0xc0000005]

Native frames: (J=compiled Java code, j=interpreted, Vv=VM code, C=native code)


Current CompileTask:
C2: 981701 32712       4       com.android.tools.r8.ir.conversion.o::a (270 bytes)


---------------  P R O C E S S  ---------------

Java Threads: ( => current thread )
  0x000000002bbee000 JavaThread "WorkerExecutor Queue Thread 11" [_thread_blocked, id=3152, stack(0x000000003d9c0000,0x000000003dac0000)]
  0x000000002bbef000 JavaThread "WorkerExecutor Queue Thread 10" [_thread_blocked, id=9188, stack(0x000000003d8c0000,0x000000003d9c0000)]
  0x000000002bbed800 JavaThread "WorkerExecutor Queue Thread 9" [_thread_blocked, id=3632, stack(0x000000003d7c0000,0x000000003d8c0000)]
  0x000000002bbe7800 JavaThread "ForkJoinPool-1-worker-7" daemon [_thread_blocked, id=6976, stack(0x000000003b720000,0x000000003b820000)]
  0x000000002bbe6000 JavaThread "ForkJoinPool-1-worker-0" daemon [_thread_blocked, id=9504, stack(0x000000003b620000,0x000000003b720000)]
  0x0000000024c42000 JavaThread "RMI TCP Connection(1)-127.0.0.1" daemon [_thread_in_native, id=6412, stack(0x0000000036410000,0x0000000036510000)]
  0x0000000024c46800 JavaThread "RMI Reaper" [_thread_blocked, id=3120, stack(0x0000000036310000,0x0000000036410000)]
  0x0000000024c43000 JavaThread "RMI TCP Accept-0" daemon [_thread_in_native, id=8484, stack(0x0000000036210000,0x0000000036310000)]
  0x0000000024c43800 JavaThread "GC Daemon" daemon [_thread_blocked, id=2676, stack(0x0000000036110000,0x0000000036210000)]
  0x0000000021900800 JavaThread "RMI RenewClean-[127.0.0.1:17304,org.jetbrains.kotlin.daemon.common.LoopbackNetworkInterface$ClientLoopbackSocketFactory@52ff8773]" daemon [_thread_blocked, id=9424, stack(0x0000000036010000,0x0000000036110000)]
  0x00000000218ff000 JavaThread "RMI Scheduler(0)" daemon [_thread_blocked, id=9304, stack(0x0000000035f10000,0x0000000036010000)]
  0x000000001fedf800 JavaThread "stdout" daemon [_thread_in_native, id=6852, stack(0x0000000035e10000,0x0000000035f10000)]
  0x000000001fede800 JavaThread "stderr" daemon [_thread_in_native, id=7356, stack(0x0000000035d10000,0x0000000035e10000)]
  0x000000001fede000 JavaThread "stdout" daemon [_thread_in_native, id=6108, stack(0x0000000035c10000,0x0000000035d10000)]
  0x000000001fedd000 JavaThread "stderr" daemon [_thread_in_native, id=1240, stack(0x0000000035b10000,0x0000000035c10000)]
  0x000000001fedc000 JavaThread "stdout" daemon [_thread_in_native, id=5800, stack(0x0000000035a10000,0x0000000035b10000)]
  0x000000001fedb800 JavaThread "stderr" daemon [_thread_in_native, id=1380, stack(0x0000000035910000,0x0000000035a10000)]
  0x000000001fed4000 JavaThread "stdout" daemon [_thread_in_native, id=4636, stack(0x0000000035810000,0x0000000035910000)]
  0x000000001feda800 JavaThread "stderr" daemon [_thread_in_native, id=9568, stack(0x0000000035710000,0x0000000035810000)]
  0x000000001feda000 JavaThread "stdout" daemon [_thread_in_native, id=5932, stack(0x0000000035610000,0x0000000035710000)]
  0x000000001fed3000 JavaThread "stderr" daemon [_thread_in_native, id=7280, stack(0x0000000035510000,0x0000000035610000)]
  0x000000001fed2800 JavaThread "ForkJoinPool-1-worker-5" daemon [_thread_blocked, id=2060, stack(0x0000000035210000,0x0000000035310000)]
  0x000000001fed7800 JavaThread "ForkJoinPool-1-worker-3" daemon [_thread_blocked, id=8924, stack(0x0000000035010000,0x0000000035110000)]
  0x000000001fed6000 JavaThread "ForkJoinPool-1-worker-2" daemon [_thread_blocked, id=7604, stack(0x0000000034f10000,0x0000000035010000)]
  0x000000001fed1000 JavaThread "stdout" [_thread_in_native, id=1808, stack(0x0000000034d10000,0x0000000034e10000)]
  0x000000001fed4800 JavaThread "stderr" [_thread_in_native, id=4696, stack(0x0000000034c10000,0x0000000034d10000)]
  0x000000001fed7000 JavaThread "stdout" [_thread_in_native, id=2940, stack(0x0000000034b10000,0x0000000034c10000)]
  0x00000000214fb800 JavaThread "stderr" [_thread_in_native, id=7672, stack(0x0000000034a10000,0x0000000034b10000)]
  0x00000000218fe800 JavaThread "Cache worker for Java compile cache (D:\vlc\.gradle\6.1.1\javaCompile)" [_thread_blocked, id=144, stack(0x0000000034810000,0x0000000034910000)]
  0x00000000218fc000 JavaThread "Cache worker for Java compile cache (D:\Program\0_Dev\AndroidstudioTemp\caches\6.1.1\javaCompile)" [_thread_blocked, id=4436, stack(0x0000000034710000,0x0000000034810000)]
  0x00000000218fb800 JavaThread "stdout" [_thread_in_native, id=2572, stack(0x0000000034610000,0x0000000034710000)]
  0x00000000218fa800 JavaThread "stderr" [_thread_in_native, id=9848, stack(0x0000000034510000,0x0000000034610000)]
  0x00000000218fa000 JavaThread "pool-32-thread-1" [_thread_blocked, id=7996, stack(0x0000000034410000,0x0000000034510000)]
  0x00000000218fd000 JavaThread "WorkerExecutor Queue Thread 8" [_thread_in_Java, id=2000, stack(0x0000000033e10000,0x0000000033f10000)]
  0x00000000218f1800 JavaThread "WorkerExecutor Queue Thread 5" [_thread_blocked, id=1920, stack(0x0000000033b10000,0x0000000033c10000)]
  0x00000000218f7000 JavaThread "WorkerExecutor Queue Thread 3" [_thread_blocked, id=7864, stack(0x0000000033910000,0x0000000033a10000)]
  0x00000000218f4000 JavaThread "ForkJoinPool.commonPool-worker-3" daemon [_thread_blocked, id=8164, stack(0x0000000033610000,0x0000000033710000)]
  0x000000002143f000 JavaThread "ForkJoinPool.commonPool-worker-2" daemon [_thread_blocked, id=9184, stack(0x0000000033510000,0x0000000033610000)]
  0x0000000021441000 JavaThread "Cache worker for execution history cache (D:\vlc\.gradle\6.1.1\executionHistory)" [_thread_blocked, id=10144, stack(0x0000000033310000,0x0000000033410000)]
  0x000000002143a800 JavaThread "Execution worker for ':' Thread 7" [_thread_in_vm, id=7948, stack(0x0000000033210000,0x0000000033310000)]
  0x00000000214fa800 JavaThread "Execution worker for ':' Thread 6" [_thread_in_Java, id=5596, stack(0x0000000033110000,0x0000000033210000)]
  0x00000000214f9000 JavaThread "Execution worker for ':' Thread 5" [_thread_in_native, id=9436, stack(0x0000000033010000,0x0000000033110000)]
  0x00000000214fd000 JavaThread "Execution worker for ':' Thread 4" [_thread_in_Java, id=8888, stack(0x0000000032f10000,0x0000000033010000)]
  0x00000000214fa000 JavaThread "Execution worker for ':' Thread 3" [_thread_in_Java, id=7928, stack(0x0000000032e10000,0x0000000032f10000)]
  0x00000000214fc000 JavaThread "Execution worker for ':' Thread 2" [_thread_blocked, id=8024, stack(0x0000000032d10000,0x0000000032e10000)]
  0x00000000214ef800 JavaThread "Execution worker for ':'" [_thread_in_native, id=804, stack(0x0000000032c10000,0x0000000032d10000)]
  0x00000000214f6000 JavaThread "Cache worker for file content cache (D:\vlc\.gradle\6.1.1\fileContent)" [_thread_blocked, id=6904, stack(0x0000000032b10000,0x0000000032c10000)]
  0x00000000214ee800 JavaThread "Cache worker for Build Output Cleanup Cache (D:\vlc\.gradle\buildOutputCleanup)" [_thread_blocked, id=2484, stack(0x0000000032a10000,0x0000000032b10000)]
  0x00000000214f5800 JavaThread "Build operations Thread 8" [_thread_blocked, id=3932, stack(0x0000000032910000,0x0000000032a10000)]
  0x00000000214f4800 JavaThread "Build operations Thread 7" [_thread_blocked, id=8340, stack(0x0000000032810000,0x0000000032910000)]
  0x00000000214f3000 JavaThread "Build operations Thread 6" [_thread_blocked, id=8584, stack(0x0000000032710000,0x0000000032810000)]
  0x00000000214f2800 JavaThread "Build operations Thread 5" [_thread_blocked, id=4672, stack(0x0000000032610000,0x0000000032710000)]
  0x0000000023a4e000 JavaThread "Build operations Thread 4" [_thread_blocked, id=9780, stack(0x0000000032510000,0x0000000032610000)]
  0x0000000023a4d800 JavaThread "Build operations Thread 3" [_thread_blocked, id=9812, stack(0x0000000032410000,0x0000000032510000)]
  0x0000000023a4c800 JavaThread "Build operations Thread 2" [_thread_blocked, id=7184, stack(0x0000000032310000,0x0000000032410000)]
  0x0000000023a44800 JavaThread "Build operations" [_thread_blocked, id=6912, stack(0x0000000032210000,0x0000000032310000)]
  0x0000000023a49000 JavaThread "Cache worker for cache directory md-rule (D:\Program\0_Dev\AndroidstudioTemp\caches\6.1.1\md-rule)" [_thread_blocked, id=9512, stack(0x0000000032110000,0x0000000032210000)]
  0x0000000023a47800 JavaThread "Cache worker for cache directory md-supplier (D:\Program\0_Dev\AndroidstudioTemp\caches\6.1.1\md-supplier)" [_thread_blocked, id=7216, stack(0x0000000032010000,0x0000000032110000)]
  0x0000000023a3f800 JavaThread "Cache worker for file hash cache (D:\vlc\.gradle\6.1.1\fileHashes)" [_thread_blocked, id=1164, stack(0x0000000031f10000,0x0000000032010000)]
  0x0000000023a46800 JavaThread "Cache worker for checksums cache (D:\vlc\.gradle\checksums)" [_thread_blocked, id=8248, stack(0x0000000031e10000,0x0000000031f10000)]
  0x0000000023a46000 JavaThread "Thread-81" [_thread_blocked, id=8716, stack(0x0000000031d10000,0x0000000031e10000)]
  0x0000000023a41800 JavaThread "Stdin handler" [_thread_blocked, id=7232, stack(0x0000000031c10000,0x0000000031d10000)]
  0x0000000023a45000 JavaThread "Asynchronous log dispatcher for DefaultDaemonConnection: socket connection from /127.0.0.1:62092 to /127.0.0.1:62488" [_thread_blocked, id=9484, stack(0x0000000031b10000,0x0000000031c10000)]
  0x0000000023a42000 JavaThread "Cancel handler" [_thread_blocked, id=7084, stack(0x0000000031a10000,0x0000000031b10000)]
  0x0000000023a43800 JavaThread "Handler for socket connection from /127.0.0.1:62092 to /127.0.0.1:62488" [_thread_in_native, id=9240, stack(0x0000000031910000,0x0000000031a10000)]
  0x0000000023a49800 JavaThread "Exec process Thread 9" [_thread_blocked, id=8416, stack(0x0000000031410000,0x0000000031510000)]
  0x0000000023a48000 JavaThread "Exec process Thread 8" [_thread_blocked, id=5220, stack(0x0000000031310000,0x0000000031410000)]
  0x0000000023a4b000 JavaThread "Exec process Thread 7" [_thread_blocked, id=5672, stack(0x0000000031210000,0x0000000031310000)]
  0x00000000214f1800 JavaThread "Daemon worker Thread 3" [_thread_blocked, id=9180, stack(0x0000000030110000,0x0000000030210000)]
  0x00000000214f4000 JavaThread "Daemon Thread 3" [_thread_blocked, id=7132, stack(0x000000002fe10000,0x000000002ff10000)]
  0x0000000023a43000 JavaThread "Cache worker for file content cache (D:\Program\0_Dev\AndroidstudioTemp\caches\6.1.1\fileContent)" [_thread_blocked, id=9844, stack(0x000000002cb40000,0x000000002cc40000)]
  0x00000000214f0000 JavaThread "Memory manager" [_thread_blocked, id=8088, stack(0x000000002c840000,0x000000002c940000)]
  0x0000000021440800 JavaThread "Cache worker for execution history cache (D:\Program\0_Dev\AndroidstudioTemp\caches\6.1.1\executionHistory)" [_thread_blocked, id=7068, stack(0x0000000025fd0000,0x00000000260d0000)]
  0x000000002143f800 JavaThread "Cache worker for file hash cache (D:\Program\0_Dev\AndroidstudioTemp\caches\6.1.1\fileHashes)" [_thread_blocked, id=2872, stack(0x0000000023380000,0x0000000023480000)]
  0x000000002143b000 JavaThread "File lock request listener" [_thread_in_native, id=412, stack(0x0000000023180000,0x0000000023280000)]
  0x000000001fb17000 JavaThread "Cache worker for journal cache (D:\Program\0_Dev\AndroidstudioTemp\caches\journal-1)" [_thread_blocked, id=9908, stack(0x0000000023080000,0x0000000023180000)]
  0x0000000021278000 JavaThread "Daemon periodic checks" [_thread_blocked, id=4772, stack(0x0000000022380000,0x0000000022480000)]
  0x000000002122c000 JavaThread "Incoming local TCP Connector on port 62092" [_thread_in_native, id=5036, stack(0x00000000221d0000,0x00000000222d0000)]
  0x000000001f829000 JavaThread "Daemon health stats" [_thread_blocked, id=1888, stack(0x00000000220d0000,0x00000000221d0000)]
  0x000000001e9fb800 JavaThread "Service Thread" daemon [_thread_blocked, id=8104, stack(0x000000001f530000,0x000000001f630000)]
  0x000000001e96d000 JavaThread "C1 CompilerThread3" daemon [_thread_blocked, id=8200, stack(0x000000001f430000,0x000000001f530000)]
  0x000000001e96a800 JavaThread "C2 CompilerThread2" daemon [_thread_in_native, id=1028, stack(0x000000001f330000,0x000000001f430000)]
  0x000000001e965800 JavaThread "C2 CompilerThread1" daemon [_thread_in_native, id=5352, stack(0x000000001f230000,0x000000001f330000)]
=>0x000000001e95c800 JavaThread "C2 CompilerThread0" daemon [_thread_in_native, id=7312, stack(0x000000001f130000,0x000000001f230000)]
  0x000000001e95b800 JavaThread "Attach Listener" daemon [_thread_blocked, id=988, stack(0x000000001f030000,0x000000001f130000)]
  0x000000001e907000 JavaThread "Signal Dispatcher" daemon [_thread_blocked, id=5812, stack(0x000000001ef30000,0x000000001f030000)]
  0x000000001e8f1000 JavaThread "Finalizer" daemon [_thread_in_native, id=7784, stack(0x000000001edd0000,0x000000001eed0000)]
  0x000000001e8f0800 JavaThread "Reference Handler" daemon [_thread_blocked, id=1740, stack(0x000000001ecd0000,0x000000001edd0000)]
  0x0000000002ed2800 JavaThread "main" [_thread_blocked, id=8488, stack(0x0000000002dd0000,0x0000000002ed0000)]

Other Threads:
  0x000000001cae8000 VMThread [stack: 0x000000001e7d0000,0x000000001e8d0000] [id=6128]
  0x000000001e9fd000 WatcherThread [stack: 0x000000001f630000,0x000000001f730000] [id=10232]

VM state:not at safepoint (normal execution)

VM Mutex/Monitor currently owned by a thread: None

heap address: 0x00000006c0000000, size: 4096 MB, Compressed Oops mode: Zero based, Oop shift amount: 3
Narrow klass base: 0x0000000000000000, Narrow klass shift: 3
Compressed class space size: 1073741824 Address: 0x00000007c0000000

Heap:
 PSYoungGen      total 1281024K, used 17696K [0x000000076ab00000, 0x00000007bfc80000, 0x00000007c0000000)
  eden space 1170432K, 1% used [0x000000076ab00000,0x000000076bc48260,0x00000007b2200000)
  from space 110592K, 0% used [0x00000007b2200000,0x00000007b2200000,0x00000007b8e00000)
  to   space 108544K, 0% used [0x00000007b9280000,0x00000007b9280000,0x00000007bfc80000)
 ParOldGen       total 460288K, used 214941K [0x00000006c0000000, 0x00000006dc180000, 0x000000076ab00000)
  object space 460288K, 46% used [0x00000006c0000000,0x00000006cd1e7750,0x00000006dc180000)
 Metaspace       used 130659K, capacity 140236K, committed 141056K, reserved 1171456K
  class space    used 16628K, capacity 18467K, committed 18688K, reserved 1048576K

Card table byte_map: [0x0000000012390000,0x0000000012ba0000] byte_map_base: 0x000000000ed90000

Marking Bits: (ParMarkBitMap*) 0x0000000060caf030
 Begin Bits: [0x0000000013900000, 0x0000000017900000)
 End Bits:   [0x0000000017900000, 0x000000001b900000)

Polling page: 0x00000000009f0000

CodeCache: size=245760Kb used=90210Kb max_used=90887Kb free=155549Kb
 bounds [0x0000000002fd0000, 0x0000000008910000, 0x0000000011fd0000]
 total_blobs=26733 nmethods=25738 adapters=906
 compilation: enabled

Compilation events (10 events):
Event: 981.655 Thread 0x000000001e96d000 32927       2       com.android.tools.r8.code.y1::a (17 bytes)
Event: 981.673 Thread 0x000000001e96d000 nmethod 32927 0x0000000007ded550 code [0x0000000007ded6c0, 0x0000000007ded868]
Event: 981.673 Thread 0x000000001e96d000 32928       2       com.android.tools.r8.code.X::a (20 bytes)
Event: 981.674 Thread 0x000000001e96d000 nmethod 32928 0x0000000007520dd0 code [0x0000000007520f40, 0x0000000007521118]
Event: 981.674 Thread 0x000000001e96d000 32932       2       com.android.tools.r8.code.k2::a (10 bytes)
Event: 981.674 Thread 0x000000001e96d000 nmethod 32932 0x0000000007520a10 code [0x0000000007520b80, 0x0000000007520d28]
Event: 981.674 Thread 0x000000001e96d000 32930       1       com.android.tools.r8.code.c1::k (3 bytes)
Event: 981.674 Thread 0x000000001e96d000 nmethod 32930 0x00000000034c58d0 code [0x00000000034c5a20, 0x00000000034c5b30]
Event: 981.675 Thread 0x000000001e96d000 32936       2       com.android.tools.r8.code.o::a (1 bytes)
Event: 981.676 Thread 0x000000001e96d000 nmethod 32936 0x00000000075206d0 code [0x0000000007520820, 0x0000000007520970]

GC Heap History (10 events):
Event: 966.152 GC heap before
{Heap before GC invocations=27 (full 5):
 PSYoungGen      total 1093120K, used 1011033K [0x000000076ab00000, 0x00000007bf680000, 0x00000007c0000000)
  eden space 967680K, 100% used [0x000000076ab00000,0x00000007a5c00000,0x00000007a5c00000)
  from space 125440K, 34% used [0x00000007a5c00000,0x00000007a8656440,0x00000007ad680000)
  to   space 118784K, 0% used [0x00000007b8280000,0x00000007b8280000,0x00000007bf680000)
 ParOldGen       total 326656K, used 169511K [0x00000006c0000000, 0x00000006d3f00000, 0x000000076ab00000)
  object space 326656K, 51% used [0x00000006c0000000,0x00000006ca589ff8,0x00000006d3f00000)
 Metaspace       used 118109K, capacity 126932K, committed 127104K, reserved 1159168K
  class space    used 15187K, capacity 16915K, committed 17024K, reserved 1048576K
Event: 966.216 GC heap after
Heap after GC invocations=27 (full 5):
 PSYoungGen      total 1266176K, used 55863K [0x000000076ab00000, 0x00000007bf080000, 0x00000007c0000000)
  eden space 1153536K, 0% used [0x000000076ab00000,0x000000076ab00000,0x00000007b1180000)
  from space 112640K, 49% used [0x00000007b8280000,0x00000007bb90dfd0,0x00000007bf080000)
  to   space 114176K, 0% used [0x00000007b1180000,0x00000007b1180000,0x00000007b8100000)
 ParOldGen       total 326656K, used 173075K [0x00000006c0000000, 0x00000006d3f00000, 0x000000076ab00000)
  object space 326656K, 52% used [0x00000006c0000000,0x00000006ca904f08,0x00000006d3f00000)
 Metaspace       used 118109K, capacity 126932K, committed 127104K, reserved 1159168K
  class space    used 15187K, capacity 16915K, committed 17024K, reserved 1048576K
}
Event: 971.838 GC heap before
{Heap before GC invocations=28 (full 5):
 PSYoungGen      total 1266176K, used 1209399K [0x000000076ab00000, 0x00000007bf080000, 0x00000007c0000000)
  eden space 1153536K, 100% used [0x000000076ab00000,0x00000007b1180000,0x00000007b1180000)
  from space 112640K, 49% used [0x00000007b8280000,0x00000007bb90dfd0,0x00000007bf080000)
  to   space 114176K, 0% used [0x00000007b1180000,0x00000007b1180000,0x00000007b8100000)
 ParOldGen       total 326656K, used 173075K [0x00000006c0000000, 0x00000006d3f00000, 0x000000076ab00000)
  object space 326656K, 52% used [0x00000006c0000000,0x00000006ca904f08,0x00000006d3f00000)
 Metaspace       used 129992K, capacity 140000K, committed 140288K, reserved 1171456K
  class space    used 16701K, capacity 18599K, committed 18688K, reserved 1048576K
Event: 972.189 GC heap after
Heap after GC invocations=28 (full 5):
 PSYoungGen      total 1267712K, used 54936K [0x000000076ab00000, 0x00000007bf980000, 0x00000007c0000000)
  eden space 1153536K, 0% used [0x000000076ab00000,0x000000076ab00000,0x00000007b1180000)
  from space 114176K, 48% used [0x00000007b1180000,0x00000007b47261f0,0x00000007b8100000)
  to   space 110080K, 0% used [0x00000007b8e00000,0x00000007b8e00000,0x00000007bf980000)
 ParOldGen       total 326656K, used 219886K [0x00000006c0000000, 0x00000006d3f00000, 0x000000076ab00000)
  object space 326656K, 67% used [0x00000006c0000000,0x00000006cd6bbba8,0x00000006d3f00000)
 Metaspace       used 129992K, capacity 140000K, committed 140288K, reserved 1171456K
  class space    used 16701K, capacity 18599K, committed 18688K, reserved 1048576K
}
Event: 975.914 GC heap before
{Heap before GC invocations=29 (full 5):
 PSYoungGen      total 1267712K, used 1208472K [0x000000076ab00000, 0x00000007bf980000, 0x00000007c0000000)
  eden space 1153536K, 100% used [0x000000076ab00000,0x00000007b1180000,0x00000007b1180000)
  from space 114176K, 48% used [0x00000007b1180000,0x00000007b47261f0,0x00000007b8100000)
  to   space 110080K, 0% used [0x00000007b8e00000,0x00000007b8e00000,0x00000007bf980000)
 ParOldGen       total 326656K, used 219886K [0x00000006c0000000, 0x00000006d3f00000, 0x000000076ab00000)
  object space 326656K, 67% used [0x00000006c0000000,0x00000006cd6bbba8,0x00000006d3f00000)
 Metaspace       used 130616K, capacity 140686K, committed 140800K, reserved 1171456K
  class space    used 16711K, capacity 18612K, committed 18688K, reserved 1048576K
Event: 976.013 GC heap after
Heap after GC invocations=29 (full 5):
 PSYoungGen      total 1280512K, used 10291K [0x000000076ab00000, 0x00000007bfd00000, 0x00000007c0000000)
  eden space 1170432K, 0% used [0x000000076ab00000,0x000000076ab00000,0x00000007b2200000)
  from space 110080K, 9% used [0x00000007b8e00000,0x00000007b980cd58,0x00000007bf980000)
  to   space 110592K, 0% used [0x00000007b2200000,0x00000007b2200000,0x00000007b8e00000)
 ParOldGen       total 326656K, used 257519K [0x00000006c0000000, 0x00000006d3f00000, 0x000000076ab00000)
  object space 326656K, 78% used [0x00000006c0000000,0x00000006cfb7bce0,0x00000006d3f00000)
 Metaspace       used 130616K, capacity 140686K, committed 140800K, reserved 1171456K
  class space    used 16711K, capacity 18612K, committed 18688K, reserved 1048576K
}
Event: 978.503 GC heap before
{Heap before GC invocations=30 (full 5):
 PSYoungGen      total 1280512K, used 1180723K [0x000000076ab00000, 0x00000007bfd00000, 0x00000007c0000000)
  eden space 1170432K, 100% used [0x000000076ab00000,0x00000007b2200000,0x00000007b2200000)
  from space 110080K, 9% used [0x00000007b8e00000,0x00000007b980cd58,0x00000007bf980000)
  to   space 110592K, 0% used [0x00000007b2200000,0x00000007b2200000,0x00000007b8e00000)
 ParOldGen       total 326656K, used 257519K [0x00000006c0000000, 0x00000006d3f00000, 0x000000076ab00000)
  object space 326656K, 78% used [0x00000006c0000000,0x00000006cfb7bce0,0x00000006d3f00000)
 Metaspace       used 130932K, capacity 140974K, committed 141056K, reserved 1171456K
  class space    used 16719K, capacity 18626K, committed 18688K, reserved 1048576K
Event: 978.532 GC heap after
Heap after GC invocations=30 (full 5):
 PSYoungGen      total 1281024K, used 21038K [0x000000076ab00000, 0x00000007bfc80000, 0x00000007c0000000)
  eden space 1170432K, 0% used [0x000000076ab00000,0x000000076ab00000,0x00000007b2200000)
  from space 110592K, 19% used [0x00000007b2200000,0x00000007b368b998,0x00000007b8e00000)
  to   space 108544K, 0% used [0x00000007b9280000,0x00000007b9280000,0x00000007bfc80000)
 ParOldGen       total 326656K, used 262795K [0x00000006c0000000, 0x00000006d3f00000, 0x000000076ab00000)
  object space 326656K, 80% used [0x00000006c0000000,0x00000006d00a2c90,0x00000006d3f00000)
 Metaspace       used 130932K, capacity 140974K, committed 141056K, reserved 1171456K
  class space    used 16719K, capacity 18626K, committed 18688K, reserved 1048576K
}
Event: 978.532 GC heap before
{Heap before GC invocations=31 (full 6):
 PSYoungGen      total 1281024K, used 21038K [0x000000076ab00000, 0x00000007bfc80000, 0x00000007c0000000)
  eden space 1170432K, 0% used [0x000000076ab00000,0x000000076ab00000,0x00000007b2200000)
  from space 110592K, 19% used [0x00000007b2200000,0x00000007b368b998,0x00000007b8e00000)
  to   space 108544K, 0% used [0x00000007b9280000,0x00000007b9280000,0x00000007bfc80000)
 ParOldGen       total 326656K, used 262795K [0x00000006c0000000, 0x00000006d3f00000, 0x000000076ab00000)
  object space 326656K, 80% used [0x00000006c0000000,0x00000006d00a2c90,0x00000006d3f00000)
 Metaspace       used 130932K, capacity 140974K, committed 141056K, reserved 1171456K
  class space    used 16719K, capacity 18626K, committed 18688K, reserved 1048576K
Event: 981.594 GC heap after
Heap after GC invocations=31 (full 6):
 PSYoungGen      total 1281024K, used 0K [0x000000076ab00000, 0x00000007bfc80000, 0x00000007c0000000)
  eden space 1170432K, 0% used [0x000000076ab00000,0x000000076ab00000,0x00000007b2200000)
  from space 110592K, 0% used [0x00000007b2200000,0x00000007b2200000,0x00000007b8e00000)
  to   space 108544K, 0% used [0x00000007b9280000,0x00000007b9280000,0x00000007bfc80000)
 ParOldGen       total 460288K, used 214941K [0x00000006c0000000, 0x00000006dc180000, 0x000000076ab00000)
  object space 460288K, 46% used [0x00000006c0000000,0x00000006cd1e7750,0x00000006dc180000)
 Metaspace       used 130659K, capacity 140236K, committed 141056K, reserved 1171456K
  class space    used 16628K, capacity 18467K, committed 18688K, reserved 1048576K
}

Deoptimization events (10 events):
Event: 976.550 Thread 0x00000000214ef800 Uncommon trap: reason=unstable_if action=reinterpret pc=0x0000000004448448 method=java.util.HashMap.getNode(ILjava/lang/Object;)Ljava/util/HashMap$Node; @ 84
Event: 976.580 Thread 0x00000000214ef800 Uncommon trap: reason=unstable_if action=reinterpret pc=0x0000000007d05858 method=com.android.tools.r8.B.a.a.f.a(II[C)Ljava/lang/String; @ 59
Event: 976.752 Thread 0x00000000214fa000 Uncommon trap: reason=unstable_if action=reinterpret pc=0x0000000007b9d350 method=com.android.tools.r8.ir.optimize.l.u(Lcom/android/tools/r8/u/b/W;)V @ 138
Event: 977.569 Thread 0x00000000214fa000 Uncommon trap: reason=unstable_if action=reinterpret pc=0x0000000007d3ece4 method=com.android.tools.r8.dex.m.c(I)V @ 8
Event: 977.606 Thread 0x00000000214fa000 Uncommon trap: reason=unstable_if action=reinterpret pc=0x0000000005cd94fc method=java.lang.Long.numberOfTrailingZeros(J)I @ 3
Event: 977.684 Thread 0x00000000214fd000 Uncommon trap: reason=class_check action=maybe_recompile pc=0x00000000074cd918 method=com.android.tools.r8.u.a.i.e.b(Lcom/android/tools/r8/u/b/h0;)V @ 379
Event: 978.197 Thread 0x00000000218f7000 Uncommon trap: reason=bimorphic action=maybe_recompile pc=0x00000000050d5ae4 method=org.apache.xerces.dom.NodeImpl.getUserData(Ljava/lang/String;)Ljava/lang/Object; @ 1
Event: 978.197 Thread 0x00000000218f7000 Uncommon trap: reason=bimorphic action=maybe_recompile pc=0x00000000050d5ae4 method=org.apache.xerces.dom.NodeImpl.getUserData(Ljava/lang/String;)Ljava/lang/Object; @ 1
Event: 978.197 Thread 0x00000000218f7000 Uncommon trap: reason=bimorphic action=maybe_recompile pc=0x00000000050d5ae4 method=org.apache.xerces.dom.NodeImpl.getUserData(Ljava/lang/String;)Ljava/lang/Object; @ 1
Event: 978.198 Thread 0x00000000218f7000 Uncommon trap: reason=bimorphic action=maybe_recompile pc=0x00000000050d5ae4 method=org.apache.xerces.dom.NodeImpl.getUserData(Ljava/lang/String;)Ljava/lang/Object; @ 1

Classes redefined (0 events):
No events

Internal exceptions (10 events):
Event: 978.184 Thread 0x00000000214fc000 Exception <a 'sun/nio/fs/WindowsException'> (0x00000007ac7c7ac0) thrown at [C:\src\AOSP-openjdk-git\hotspot\src\share\vm\prims\jni.cpp, line 710]
Event: 978.184 Thread 0x00000000214fc000 Exception <a 'sun/nio/fs/WindowsException'> (0x00000007ac7c8b58) thrown at [C:\src\AOSP-openjdk-git\hotspot\src\share\vm\prims\jni.cpp, line 710]
Event: 978.184 Thread 0x00000000214fc000 Exception <a 'sun/nio/fs/WindowsException'> (0x00000007ac7c95f8) thrown at [C:\src\AOSP-openjdk-git\hotspot\src\share\vm\prims\jni.cpp, line 710]
Event: 978.184 Thread 0x00000000214fc000 Exception <a 'sun/nio/fs/WindowsException'> (0x00000007ac7ca640) thrown at [C:\src\AOSP-openjdk-git\hotspot\src\share\vm\prims\jni.cpp, line 710]
Event: 978.305 Thread 0x00000000214fa000 Exception <a 'sun/nio/fs/WindowsException'> (0x00000007ae6b2970) thrown at [C:\src\AOSP-openjdk-git\hotspot\src\share\vm\prims\jni.cpp, line 710]
Event: 978.313 Thread 0x00000000214fa000 Exception <a 'sun/nio/fs/WindowsException'> (0x00000007ae6ed9a8) thrown at [C:\src\AOSP-openjdk-git\hotspot\src\share\vm\prims\jni.cpp, line 710]
Event: 978.447 Thread 0x00000000214fc000 Exception <a 'sun/nio/fs/WindowsException'> (0x00000007ac805c78) thrown at [C:\src\AOSP-openjdk-git\hotspot\src\share\vm\prims\jni.cpp, line 710]
Event: 978.447 Thread 0x00000000214fc000 Exception <a 'sun/nio/fs/WindowsException'> (0x00000007ac806cf0) thrown at [C:\src\AOSP-openjdk-git\hotspot\src\share\vm\prims\jni.cpp, line 710]
Event: 978.449 Thread 0x00000000218f1800 Exception <a 'sun/nio/fs/WindowsException'> (0x00000007aa4964a0) thrown at [C:\src\AOSP-openjdk-git\hotspot\src\share\vm\prims\jni.cpp, line 710]
Event: 978.459 Thread 0x00000000214fa000 Exception <a 'sun/nio/fs/WindowsException'> (0x00000007b17a2600) thrown at [C:\src\AOSP-openjdk-git\hotspot\src\share\vm\prims\jni.cpp, line 710]

Events (10 events):
Event: 978.491 Thread 0x00000000214fa000 DEOPT UNPACKING pc=0x00000000030171d0 sp=0x0000000032f0a308 mode 0
Event: 978.502 Executing VM operation: ParallelGCFailedAllocation
Event: 981.595 Executing VM operation: ParallelGCFailedAllocation done
Event: 981.655 Executing VM operation: RevokeBias
Event: 981.667 Executing VM operation: RevokeBias done
Event: 981.668 Executing VM operation: RevokeBias
Event: 981.670 Executing VM operation: RevokeBias done
Event: 981.671 Executing VM operation: RevokeBias
Event: 981.672 Executing VM operation: RevokeBias done
Event: 981.679 Thread 0x000000001fed5800 Thread exited: 0x000000001fed5800


Dynamic libraries:
0x00007ff704a80000 - 0x00007ff704ab1000 	D:\Program\0_Dev\AndroidStudio\jre\bin\java.exe
0x00007ffe01340000 - 0x00007ffe0152d000 	C:\WINDOWS\SYSTEM32\ntdll.dll
0x00007ffe01250000 - 0x00007ffe01303000 	C:\WINDOWS\System32\KERNEL32.DLL
0x00007ffdfdf50000 - 0x00007ffdfe1e3000 	C:\WINDOWS\System32\KERNELBASE.dll
0x00007ffdffe90000 - 0x00007ffdfff33000 	C:\WINDOWS\System32\ADVAPI32.dll
0x00007ffe00dd0000 - 0x00007ffe00e6e000 	C:\WINDOWS\System32\msvcrt.dll
0x00007ffe00480000 - 0x00007ffe0051e000 	C:\WINDOWS\System32\sechost.dll
0x00007ffdfe570000 - 0x00007ffdfe692000 	C:\WINDOWS\System32\RPCRT4.dll
0x00007ffdfe700000 - 0x00007ffdfe897000 	C:\WINDOWS\System32\USER32.dll
0x00007ffdfd590000 - 0x00007ffdfd5b0000 	C:\WINDOWS\System32\win32u.dll
0x00007ffe00e70000 - 0x00007ffe00e99000 	C:\WINDOWS\System32\GDI32.dll
0x00007ffdfe1f0000 - 0x00007ffdfe38a000 	C:\WINDOWS\System32\gdi32full.dll
0x00007ffdfde30000 - 0x00007ffdfded0000 	C:\WINDOWS\System32\msvcp_win.dll
0x00007ffdfdd30000 - 0x00007ffdfde2c000 	C:\WINDOWS\System32\ucrtbase.dll
0x00007ffdeda10000 - 0x00007ffdedc89000 	C:\WINDOWS\WinSxS\amd64_microsoft.windows.common-controls_6595b64144ccf1df_6.0.17763.316_none_05b53be2071f46b6\COMCTL32.dll
0x00007ffe00f20000 - 0x00007ffe0124d000 	C:\WINDOWS\System32\combase.dll
0x00007ffdfded0000 - 0x00007ffdfdf4e000 	C:\WINDOWS\System32\bcryptPrimitives.dll
0x00007ffe00690000 - 0x00007ffe006be000 	C:\WINDOWS\System32\IMM32.DLL
0x0000000060400000 - 0x00000000604d2000 	D:\Program\0_Dev\AndroidStudio\jre\jre\bin\msvcr100.dll
0x00000000604e0000 - 0x0000000060d2b000 	D:\Program\0_Dev\AndroidStudio\jre\jre\bin\server\jvm.dll
0x00007ffdfe970000 - 0x00007ffdfe978000 	C:\WINDOWS\System32\PSAPI.DLL
0x00007ffdf8330000 - 0x00007ffdf833a000 	C:\WINDOWS\SYSTEM32\VERSION.dll
0x00007ffdfb310000 - 0x00007ffdfb334000 	C:\WINDOWS\SYSTEM32\WINMM.dll
0x00007ffdfb590000 - 0x00007ffdfb599000 	C:\WINDOWS\SYSTEM32\WSOCK32.dll
0x00007ffe00130000 - 0x00007ffe0019d000 	C:\WINDOWS\System32\WS2_32.dll
0x00007ffdfaf60000 - 0x00007ffdfaf8d000 	C:\WINDOWS\SYSTEM32\WINMMBASE.dll
0x00007ffdfd4e0000 - 0x00007ffdfd52a000 	C:\WINDOWS\System32\cfgmgr32.dll
0x00007ffdfb570000 - 0x00007ffdfb57f000 	D:\Program\0_Dev\AndroidStudio\jre\jre\bin\verify.dll
0x00007ffdf9f70000 - 0x00007ffdf9f99000 	D:\Program\0_Dev\AndroidStudio\jre\jre\bin\java.dll
0x00007ffdfb550000 - 0x00007ffdfb566000 	D:\Program\0_Dev\AndroidStudio\jre\jre\bin\zip.dll
0x00007ffdfe980000 - 0x00007ffdffe6f000 	C:\WINDOWS\System32\SHELL32.dll
0x00007ffdfff40000 - 0x00007ffdfffe8000 	C:\WINDOWS\System32\shcore.dll
0x00007ffdfd5e0000 - 0x00007ffdfdd2a000 	C:\WINDOWS\System32\windows.storage.dll
0x00007ffdfd3c0000 - 0x00007ffdfd3e4000 	C:\WINDOWS\System32\profapi.dll
0x00007ffdfd360000 - 0x00007ffdfd3bd000 	C:\WINDOWS\System32\powrprof.dll
0x00007ffdfe6a0000 - 0x00007ffdfe6f2000 	C:\WINDOWS\System32\shlwapi.dll
0x00007ffdfd340000 - 0x00007ffdfd351000 	C:\WINDOWS\System32\kernel.appcore.dll
0x00007ffdfd4c0000 - 0x00007ffdfd4d7000 	C:\WINDOWS\System32\cryptsp.dll
0x00007ffdf9d40000 - 0x00007ffdf9d5a000 	D:\Program\0_Dev\AndroidStudio\jre\jre\bin\net.dll
0x00007ffdfcb70000 - 0x00007ffdfcbd7000 	C:\WINDOWS\system32\mswsock.dll
0x00007ffdf9c00000 - 0x00007ffdf9c13000 	D:\Program\0_Dev\AndroidStudio\jre\jre\bin\nio.dll
0x00007ffdede50000 - 0x00007ffdede76000 	D:\Program\0_Dev\AndroidstudioTemp\native\31\windows-amd64\native-platform.dll
0x00007ffdf9d30000 - 0x00007ffdf9d3d000 	D:\Program\0_Dev\AndroidStudio\jre\jre\bin\management.dll
0x00007ffdfc730000 - 0x00007ffdfc763000 	C:\WINDOWS\system32\rsaenh.dll
0x00007ffdfd5b0000 - 0x00007ffdfd5d6000 	C:\WINDOWS\System32\bcrypt.dll
0x00007ffdfd240000 - 0x00007ffdfd268000 	C:\WINDOWS\SYSTEM32\USERENV.dll
0x00007ffdfcd40000 - 0x00007ffdfcd4c000 	C:\WINDOWS\SYSTEM32\CRYPTBASE.dll
0x00007ffdfc8d0000 - 0x00007ffdfc90d000 	C:\WINDOWS\SYSTEM32\IPHLPAPI.DLL
0x00007ffe00470000 - 0x00007ffe00478000 	C:\WINDOWS\System32\NSI.dll
0x00007ffdf58f0000 - 0x00007ffdf5906000 	C:\WINDOWS\SYSTEM32\dhcpcsvc6.DLL
0x00007ffdf58d0000 - 0x00007ffdf58ec000 	C:\WINDOWS\SYSTEM32\dhcpcsvc.DLL
0x00007ffdfc910000 - 0x00007ffdfc9d6000 	C:\WINDOWS\SYSTEM32\DNSAPI.dll
0x00007ffdebdd0000 - 0x00007ffdebde6000 	C:\WINDOWS\system32\napinsp.dll
0x00007ffdebdb0000 - 0x00007ffdebdca000 	C:\WINDOWS\system32\pnrpnsp.dll
0x00007ffdf4310000 - 0x00007ffdf431e000 	C:\WINDOWS\System32\winrnr.dll
0x00007ffdf9bc0000 - 0x00007ffdf9bdb000 	C:\WINDOWS\system32\NLAapi.dll
0x00007ffdebb90000 - 0x00007ffdebba5000 	C:\WINDOWS\system32\wshbth.dll
0x00007ffdf4670000 - 0x00007ffdf467a000 	C:\Windows\System32\rasadhlp.dll
0x00007ffdf4870000 - 0x00007ffdf48e9000 	C:\WINDOWS\System32\fwpuclnt.dll
0x00007ffdf2e80000 - 0x00007ffdf2ea4000 	D:\Program\0_Dev\AndroidStudio\jre\jre\bin\sunec.dll
0x00007ffdf9740000 - 0x00007ffdf974b000 	D:\Program\0_Dev\AndroidStudio\jre\jre\bin\sunmscapi.dll
0x00007ffdfe390000 - 0x00007ffdfe56b000 	C:\WINDOWS\System32\CRYPT32.dll
0x00007ffdfd3f0000 - 0x00007ffdfd402000 	C:\WINDOWS\System32\MSASN1.dll
0x00007ffdfc410000 - 0x00007ffdfc441000 	C:\WINDOWS\SYSTEM32\ntmarta.dll
0x00007ffdfb650000 - 0x00007ffdfb6dc000 	C:\WINDOWS\system32\apphelp.dll
0x00007ffdedf20000 - 0x00007ffdedf3e000 	C:\Users\Trance\AppData\Local\Temp\native-platform2803248422657356586dir\native-platform.dll

VM Arguments:
jvm_args: -XX:MaxPermSize=2048m -XX:+HeapDumpOnOutOfMemoryError -Xmx4g -Dfile.encoding=UTF-8 -Duser.country=CN -Duser.language=zh -Duser.variant 
java_command: org.gradle.launcher.daemon.bootstrap.GradleDaemon 6.1.1
java_class_path (initial): D:\Program\0_Dev\AndroidstudioTemp\wrapper\dists\gradle-6.1.1-all\cfmwm155h49vnt3hynmlrsdst\gradle-6.1.1\lib\gradle-launcher-6.1.1.jar
Launcher Type: SUN_STANDARD

Environment Variables:
JAVA_HOME=D:\Program\0_Dev\jdk8u202
PATH=C:\WINDOWS\system32;C:\WINDOWS;C:\WINDOWS\System32\Wbem;C:\WINDOWS\System32\WindowsPowerShell\v1.0\;C:\WINDOWS\System32\OpenSSH\;D:\Program\0_Dev\AndroidSDK\platform-tools;D:\Program\0_Dev\Git\bin;C:\Android;C:\Windows\System32;D:\Program\0_Dev\AndroidstudioTemp\wrapper\dists\gradle-5.4.1-all\3221gyojl5jsh0helicew7rwx\gradle-5.4.1\bin;D:\Program\0_Dev\Android_Reverse_ApkToolBox\tool\Apktool;%ANDROID_SDK_HOME%;D:\Program\0_Dev\AndroidSDKtools;D:\Program\0_Dev\jdk8u202\bin;D:\Program\0_Dev\jdk8u202\jre\bin;D:\Program\Python\Scripts\;D:\Program\Python\;C:\Users\Trance\AppData\Local\Microsoft\WindowsApps;C:\Users\Trance\AppData\Local\BypassRuntm
USERNAME=Trance
OS=Windows_NT
PROCESSOR_IDENTIFIER=AMD64 Family 23 Model 24 Stepping 1, AuthenticAMD



---------------  S Y S T E M  ---------------

OS: Windows 10.0 , 64 bit Build 17763 (10.0.17763.292)

CPU:total 8 (initial active 8) (8 cores per cpu, 1 threads per core) family 23 model 24 stepping 1, cmov, cx8, fxsr, mmx, sse, sse2, sse3, ssse3, sse4.1, sse4.2, popcnt, avx, avx2, aes, clmul, mmxext, 3dnowpref, lzcnt, sse4a, tsc, tscinvbit, tscinv, bmi1

Memory: 4k page, physical 7796036k(298284k free), swap 15660480k(28k free)

vm_info: OpenJDK 64-Bit Server VM (25.242-b01) for windows-amd64 JRE (1.8.0_242-release-1644-b01), built by "builder" with MS VC++ 10.0 (VS2010)

time: Tue Jun 30 21:17:41 2020
timezone: 中国标准时间
elapsed time: 981 seconds (0d 0h 16m 21s)

